Analysis & Synthesis report for air_conditioner_prj
Fri Dec 01 12:43:17 2023
Quartus II 64-Bit Version 13.1.0 Build 162 10/23/2013 SJ Web Edition


---------------------
; Table of Contents ;
---------------------
  1. Legal Notice
  2. Analysis & Synthesis Summary
  3. Analysis & Synthesis Settings
  4. Parallel Compilation
  5. Analysis & Synthesis Messages



----------------
; Legal Notice ;
----------------
Copyright (C) 1991-2013 Altera Corporation
Your use of Altera Corporation's design tools, logic functions 
and other software and tools, and its AMPP partner logic 
functions, and any output files from any of the foregoing 
(including device programming or simulation files), and any 
associated documentation or information are expressly subject 
to the terms and conditions of the Altera Program License 
Subscription Agreement, Altera MegaCore Function License 
Agreement, or other applicable license agreement, including, 
without limitation, that your use is for the sole purpose of 
programming logic devices manufactured by Altera and sold by 
Altera or its authorized distributors.  Please refer to the 
applicable agreement for further details.



+---------------------------------------------------------------------------------+
; Analysis & Synthesis Summary                                                    ;
+------------------------------------+--------------------------------------------+
; Analysis & Synthesis Status        ; Failed - Fri Dec 01 12:43:17 2023          ;
; Quartus II 64-Bit Version          ; 13.1.0 Build 162 10/23/2013 SJ Web Edition ;
; Revision Name                      ; air_conditioner_prj                        ;
; Top-level Entity Name              ; Air_Conditioner                            ;
; Family                             ; Cyclone III                                ;
; Total logic elements               ; N/A until Partition Merge                  ;
;     Total combinational functions  ; N/A until Partition Merge                  ;
;     Dedicated logic registers      ; N/A until Partition Merge                  ;
; Total registers                    ; N/A until Partition Merge                  ;
; Total pins                         ; N/A until Partition Merge                  ;
; Total virtual pins                 ; N/A until Partition Merge                  ;
; Total memory bits                  ; N/A until Partition Merge                  ;
; Embedded Multiplier 9-bit elements ; N/A until Partition Merge                  ;
; Total PLLs                         ; N/A until Partition Merge                  ;
+------------------------------------+--------------------------------------------+


+-----------------------------------------------------------------------------------------------------------------------+
; Analysis & Synthesis Settings                                                                                         ;
+----------------------------------------------------------------------------+--------------------+---------------------+
; Option                                                                     ; Setting            ; Default Value       ;
+----------------------------------------------------------------------------+--------------------+---------------------+
; Device                                                                     ; EP3C16F484C6       ;                     ;
; Top-level entity name                                                      ; Air_Conditioner    ; air_conditioner_prj ;
; Family name                                                                ; Cyclone III        ; Cyclone IV GX       ;
; Use smart compilation                                                      ; Off                ; Off                 ;
; Enable parallel Assembler and TimeQuest Timing Analyzer during compilation ; On                 ; On                  ;
; Enable compact report table                                                ; Off                ; Off                 ;
; Restructure Multiplexers                                                   ; Auto               ; Auto                ;
; Create Debugging Nodes for IP Cores                                        ; Off                ; Off                 ;
; Preserve fewer node names                                                  ; On                 ; On                  ;
; Disable OpenCore Plus hardware evaluation                                  ; Off                ; Off                 ;
; Verilog Version                                                            ; Verilog_2001       ; Verilog_2001        ;
; VHDL Version                                                               ; VHDL_1993          ; VHDL_1993           ;
; State Machine Processing                                                   ; Auto               ; Auto                ;
; Safe State Machine                                                         ; Off                ; Off                 ;
; Extract Verilog State Machines                                             ; On                 ; On                  ;
; Extract VHDL State Machines                                                ; On                 ; On                  ;
; Ignore Verilog initial constructs                                          ; Off                ; Off                 ;
; Iteration limit for constant Verilog loops                                 ; 5000               ; 5000                ;
; Iteration limit for non-constant Verilog loops                             ; 250                ; 250                 ;
; Add Pass-Through Logic to Inferred RAMs                                    ; On                 ; On                  ;
; Infer RAMs from Raw Logic                                                  ; On                 ; On                  ;
; Parallel Synthesis                                                         ; On                 ; On                  ;
; DSP Block Balancing                                                        ; Auto               ; Auto                ;
; NOT Gate Push-Back                                                         ; On                 ; On                  ;
; Power-Up Don't Care                                                        ; On                 ; On                  ;
; Remove Redundant Logic Cells                                               ; Off                ; Off                 ;
; Remove Duplicate Registers                                                 ; On                 ; On                  ;
; Ignore CARRY Buffers                                                       ; Off                ; Off                 ;
; Ignore CASCADE Buffers                                                     ; Off                ; Off                 ;
; Ignore GLOBAL Buffers                                                      ; Off                ; Off                 ;
; Ignore ROW GLOBAL Buffers                                                  ; Off                ; Off                 ;
; Ignore LCELL Buffers                                                       ; Off                ; Off                 ;
; Ignore SOFT Buffers                                                        ; On                 ; On                  ;
; Limit AHDL Integers to 32 Bits                                             ; Off                ; Off                 ;
; Optimization Technique                                                     ; Balanced           ; Balanced            ;
; Carry Chain Length                                                         ; 70                 ; 70                  ;
; Auto Carry Chains                                                          ; On                 ; On                  ;
; Auto Open-Drain Pins                                                       ; On                 ; On                  ;
; Perform WYSIWYG Primitive Resynthesis                                      ; Off                ; Off                 ;
; Auto ROM Replacement                                                       ; On                 ; On                  ;
; Auto RAM Replacement                                                       ; On                 ; On                  ;
; Auto DSP Block Replacement                                                 ; On                 ; On                  ;
; Auto Shift Register Replacement                                            ; Auto               ; Auto                ;
; Allow Shift Register Merging across Hierarchies                            ; Auto               ; Auto                ;
; Auto Clock Enable Replacement                                              ; On                 ; On                  ;
; Strict RAM Replacement                                                     ; Off                ; Off                 ;
; Allow Synchronous Control Signals                                          ; On                 ; On                  ;
; Force Use of Synchronous Clear Signals                                     ; Off                ; Off                 ;
; Auto RAM Block Balancing                                                   ; On                 ; On                  ;
; Auto RAM to Logic Cell Conversion                                          ; Off                ; Off                 ;
; Auto Resource Sharing                                                      ; Off                ; Off                 ;
; Allow Any RAM Size For Recognition                                         ; Off                ; Off                 ;
; Allow Any ROM Size For Recognition                                         ; Off                ; Off                 ;
; Allow Any Shift Register Size For Recognition                              ; Off                ; Off                 ;
; Use LogicLock Constraints during Resource Balancing                        ; On                 ; On                  ;
; Ignore translate_off and synthesis_off directives                          ; Off                ; Off                 ;
; Timing-Driven Synthesis                                                    ; On                 ; On                  ;
; Report Parameter Settings                                                  ; On                 ; On                  ;
; Report Source Assignments                                                  ; On                 ; On                  ;
; Report Connectivity Checks                                                 ; On                 ; On                  ;
; Ignore Maximum Fan-Out Assignments                                         ; Off                ; Off                 ;
; Synchronization Register Chain Length                                      ; 2                  ; 2                   ;
; PowerPlay Power Optimization                                               ; Normal compilation ; Normal compilation  ;
; HDL message level                                                          ; Level2             ; Level2              ;
; Suppress Register Optimization Related Messages                            ; Off                ; Off                 ;
; Number of Removed Registers Reported in Synthesis Report                   ; 5000               ; 5000                ;
; Number of Swept Nodes Reported in Synthesis Report                         ; 5000               ; 5000                ;
; Number of Inverted Registers Reported in Synthesis Report                  ; 100                ; 100                 ;
; Clock MUX Protection                                                       ; On                 ; On                  ;
; Auto Gated Clock Conversion                                                ; Off                ; Off                 ;
; Block Design Naming                                                        ; Auto               ; Auto                ;
; SDC constraint protection                                                  ; Off                ; Off                 ;
; Synthesis Effort                                                           ; Auto               ; Auto                ;
; Shift Register Replacement - Allow Asynchronous Clear Signal               ; On                 ; On                  ;
; Pre-Mapping Resynthesis Optimization                                       ; Off                ; Off                 ;
; Analysis & Synthesis Message Level                                         ; Medium             ; Medium              ;
; Disable Register Merging Across Hierarchies                                ; Auto               ; Auto                ;
; Resource Aware Inference For Block RAM                                     ; On                 ; On                  ;
; Synthesis Seed                                                             ; 1                  ; 1                   ;
+----------------------------------------------------------------------------+--------------------+---------------------+


Parallel compilation was disabled, but you have multiple processors available. Enable parallel compilation to reduce compilation time.
+-------------------------------------+
; Parallel Compilation                ;
+----------------------------+--------+
; Processors                 ; Number ;
+----------------------------+--------+
; Number detected on machine ; 8      ;
; Maximum allowed            ; 1      ;
+----------------------------+--------+


+-------------------------------+
; Analysis & Synthesis Messages ;
+-------------------------------+
Info: *******************************************************************
Info: Running Quartus II 64-Bit Analysis & Synthesis
    Info: Version 13.1.0 Build 162 10/23/2013 SJ Web Edition
    Info: Processing started: Fri Dec 01 12:43:17 2023
Info: Command: quartus_map --read_settings_files=on --write_settings_files=off air_conditioner_prj -c air_conditioner_prj
Warning (20028): Parallel compilation is not licensed and has been disabled
Info (12021): Found 1 design units, including 1 entities, in source file /users/wodan/desktop/faculdade/ufsc/ldh/projetos/projetofinal/src/halfadd.v
    Info (12023): Found entity 1: halfadd
Info (12021): Found 1 design units, including 1 entities, in source file /users/wodan/desktop/faculdade/ufsc/ldh/projetos/projetofinal/src/fulladd.v
    Info (12023): Found entity 1: fulladd
Info (12021): Found 1 design units, including 1 entities, in source file /users/wodan/desktop/faculdade/ufsc/ldh/projetos/projetofinal/src/logicsixbits.v
    Info (12023): Found entity 1: logicsixbits
Info (12021): Found 1 design units, including 1 entities, in source file /users/wodan/desktop/faculdade/ufsc/ldh/projetos/projetofinal/src/air_conditioner_tb.v
    Info (12023): Found entity 1: ac_tb
Info (12021): Found 1 design units, including 1 entities, in source file /users/wodan/desktop/faculdade/ufsc/ldh/projetos/projetofinal/src/air_conditioner.v
    Info (12023): Found entity 1: Air_Conditioner
Info (12021): Found 1 design units, including 1 entities, in source file pll_top.v
    Info (12023): Found entity 1: pll_top
Info (12021): Found 22 design units, including 22 entities, in source file sub_top.v
    Info (12023): Found entity 1: sub_top_altbarrel_shift_q3e
    Info (12023): Found entity 2: sub_top_altbarrel_shift_07g
    Info (12023): Found entity 3: sub_top_altpriority_encoder_3e8
    Info (12023): Found entity 4: sub_top_altpriority_encoder_6e8
    Info (12023): Found entity 5: sub_top_altpriority_encoder_be8
    Info (12023): Found entity 6: sub_top_altpriority_encoder_3v7
    Info (12023): Found entity 7: sub_top_altpriority_encoder_6v7
    Info (12023): Found entity 8: sub_top_altpriority_encoder_bv7
    Info (12023): Found entity 9: sub_top_altpriority_encoder_uv8
    Info (12023): Found entity 10: sub_top_altpriority_encoder_ue9
    Info (12023): Found entity 11: sub_top_altpriority_encoder_ou8
    Info (12023): Found entity 12: sub_top_altpriority_encoder_nh8
    Info (12023): Found entity 13: sub_top_altpriority_encoder_qh8
    Info (12023): Found entity 14: sub_top_altpriority_encoder_vh8
    Info (12023): Found entity 15: sub_top_altpriority_encoder_ii9
    Info (12023): Found entity 16: sub_top_altpriority_encoder_n28
    Info (12023): Found entity 17: sub_top_altpriority_encoder_q28
    Info (12023): Found entity 18: sub_top_altpriority_encoder_v28
    Info (12023): Found entity 19: sub_top_altpriority_encoder_i39
    Info (12023): Found entity 20: sub_top_altpriority_encoder_cna
    Info (12023): Found entity 21: sub_top_altfp_add_sub_b6j
    Info (12023): Found entity 22: sub_top
Warning (10236): Verilog HDL Implicit Net warning at logicsixbits.v(25): created implicit net for "result_sig"
Error (10137): Verilog HDL Procedural Assignment error at logicsixbits.v(17): object "a_i" on left-hand side of assignment must have a variable data type File: C:/Users/Wodan/Desktop/Faculdade/UFSC/LDH/projetos/ProjetoFinal/src/logicsixbits.v Line: 17
Error (10231): Verilog HDL error at logicsixbits.v(17): value cannot be assigned to input "a_i" File: C:/Users/Wodan/Desktop/Faculdade/UFSC/LDH/projetos/ProjetoFinal/src/logicsixbits.v Line: 17
Error (10137): Verilog HDL Procedural Assignment error at logicsixbits.v(18): object "b_i" on left-hand side of assignment must have a variable data type File: C:/Users/Wodan/Desktop/Faculdade/UFSC/LDH/projetos/ProjetoFinal/src/logicsixbits.v Line: 18
Error (10231): Verilog HDL error at logicsixbits.v(18): value cannot be assigned to input "b_i" File: C:/Users/Wodan/Desktop/Faculdade/UFSC/LDH/projetos/ProjetoFinal/src/logicsixbits.v Line: 18
Error: Quartus II 64-Bit Analysis & Synthesis was unsuccessful. 4 errors, 2 warnings
    Error: Peak virtual memory: 4599 megabytes
    Error: Processing ended: Fri Dec 01 12:43:18 2023
    Error: Elapsed time: 00:00:01
    Error: Total CPU time (on all processors): 00:00:00


